22/01/22 (11:02:09) | ERROR: Input thread failed with exception: [Errno 5] Input/output error
Traceback (most recent call last):
  File "/usr/bin/bpytop", line 957, in _get_key
    input_key += sys.stdin.read(1)						#* Read 1 key safely with blocking on
OSError: [Errno 5] Input/output error
04/07/23 (22:54:37) | ERROR: [Errno 2] No such file or directory: '/home/mathieu/.config/bpytop/themes'
Traceback (most recent call last):
  File "/usr/bin/bpytop", line 1357, in refresh
    for f in os.listdir(d):
             ^^^^^^^^^^^^^
FileNotFoundError: [Errno 2] No such file or directory: '/home/mathieu/.config/bpytop/themes'
04/07/23 (22:54:42) | ERROR: [Errno 2] No such file or directory: '/home/mathieu/.config/bpytop/themes'
Traceback (most recent call last):
  File "/usr/bin/bpytop", line 1357, in refresh
    for f in os.listdir(d):
             ^^^^^^^^^^^^^
FileNotFoundError: [Errno 2] No such file or directory: '/home/mathieu/.config/bpytop/themes'
04/07/23 (22:55:05) | ERROR: [Errno 2] No such file or directory: '/home/mathieu/.config/bpytop/themes'
Traceback (most recent call last):
  File "/usr/bin/bpytop", line 1357, in refresh
    for f in os.listdir(d):
             ^^^^^^^^^^^^^
FileNotFoundError: [Errno 2] No such file or directory: '/home/mathieu/.config/bpytop/themes'
04/07/23 (23:43:55) | ERROR: [Errno 2] No such file or directory: '/home/mathieu/.config/bpytop/themes'
Traceback (most recent call last):
  File "/usr/bin/bpytop", line 1357, in refresh
    for f in os.listdir(d):
             ^^^^^^^^^^^^^
FileNotFoundError: [Errno 2] No such file or directory: '/home/mathieu/.config/bpytop/themes'
05/07/23 (00:02:10) | ERROR: [Errno 2] No such file or directory: '/home/mathieu/.config/bpytop/themes'
Traceback (most recent call last):
  File "/usr/bin/bpytop", line 1357, in refresh
    for f in os.listdir(d):
             ^^^^^^^^^^^^^
FileNotFoundError: [Errno 2] No such file or directory: '/home/mathieu/.config/bpytop/themes'
05/07/23 (00:10:08) | ERROR: [Errno 2] No such file or directory: '/home/mathieu/.config/bpytop/themes'
Traceback (most recent call last):
  File "/usr/bin/bpytop", line 1357, in refresh
    for f in os.listdir(d):
             ^^^^^^^^^^^^^
FileNotFoundError: [Errno 2] No such file or directory: '/home/mathieu/.config/bpytop/themes'
05/07/23 (00:11:24) | ERROR: [Errno 2] No such file or directory: '/home/mathieu/.config/bpytop/themes'
Traceback (most recent call last):
  File "/usr/bin/bpytop", line 1357, in refresh
    for f in os.listdir(d):
             ^^^^^^^^^^^^^
FileNotFoundError: [Errno 2] No such file or directory: '/home/mathieu/.config/bpytop/themes'
05/07/23 (23:48:36) | ERROR: [Errno 2] No such file or directory: '/home/mathieu/.config/bpytop/themes'
Traceback (most recent call last):
  File "/usr/bin/bpytop", line 1357, in refresh
    for f in os.listdir(d):
             ^^^^^^^^^^^^^
FileNotFoundError: [Errno 2] No such file or directory: '/home/mathieu/.config/bpytop/themes'
